# JRE version: Java(TM) SE Runtime Environment (8.0_152-b16) (build 1.8.0_152-b16)
# Java VM: Java HotSpot(TM) 64-Bit Server VM (25.152-b16 mixed mode bsd-amd64 compressed oops)
Heap:
 PSYoungGen      total 616960K, used 312951K [0x0000000795580000, 0x00000007c0000000, 0x00000007c0000000)
  eden space 535040K, 53% used [0x0000000795580000,0x00000007a6b65e68,0x00000007b6000000)
  from space 81920K, 34% used [0x00000007b6000000,0x00000007b7bb7f80,0x00000007bb000000)
  to   space 77824K, 0% used [0x00000007bb400000,0x00000007bb400000,0x00000007c0000000)
 ParOldGen       total 306176K, used 235118K [0x0000000740000000, 0x0000000752b00000, 0x0000000795580000)
  object space 306176K, 76% used [0x0000000740000000,0x000000074e59b898,0x0000000752b00000)
 Metaspace       used 59153K, capacity 59922K, committed 60404K, reserved 1101824K
  class space    used 7283K, capacity 7551K, committed 7668K, reserved 1048576K
GC Heap History (10 events):
Event: 129.192 GC heap before
{Heap before GC invocations=28 (full 6):
 PSYoungGen      total 591360K, used 591293K [0x0000000795580000, 0x00000007bfc80000, 0x00000007c0000000)
  eden space 560640K, 100% used [0x0000000795580000,0x00000007b7900000,0x00000007b7900000)
  from space 30720K, 99% used [0x00000007b7900000,0x00000007b96ef7c0,0x00000007b9700000)
  to   space 67072K, 0% used [0x00000007bbb00000,0x00000007bbb00000,0x00000007bfc80000)
 ParOldGen       total 306176K, used 180280K [0x0000000740000000, 0x0000000752b00000, 0x0000000795580000)
  object space 306176K, 58% used [0x0000000740000000,0x000000074b00e2e0,0x0000000752b00000)
 Metaspace       used 53520K, capacity 54288K, committed 54644K, reserved 1097728K
  class space    used 6736K, capacity 6990K, committed 7028K, reserved 1048576K
Event: 129.234 GC heap after
Heap after GC invocations=28 (full 6):
 PSYoungGen      total 628224K, used 36269K [0x0000000795580000, 0x00000007c0000000, 0x00000007c0000000)
  eden space 561152K, 0% used [0x0000000795580000,0x0000000795580000,0x00000007b7980000)
  from space 67072K, 54% used [0x00000007bbb00000,0x00000007bde6b4b8,0x00000007bfc80000)
  to   space 67072K, 0% used [0x00000007b7980000,0x00000007b7980000,0x00000007bbb00000)
 ParOldGen       total 306176K, used 180288K [0x0000000740000000, 0x0000000752b00000, 0x0000000795580000)
  object space 306176K, 58% used [0x0000000740000000,0x000000074b0102e0,0x0000000752b00000)
 Metaspace       used 53520K, capacity 54288K, committed 54644K, reserved 1097728K
  class space    used 6736K, capacity 6990K, committed 7028K, reserved 1048576K
}
Event: 135.567 GC heap before
{Heap before GC invocations=29 (full 6):
 PSYoungGen      total 628224K, used 597421K [0x0000000795580000, 0x00000007c0000000, 0x00000007c0000000)
  eden space 561152K, 100% used [0x0000000795580000,0x00000007b7980000,0x00000007b7980000)
  from space 67072K, 54% used [0x00000007bbb00000,0x00000007bde6b4b8,0x00000007bfc80000)
  to   space 67072K, 0% used [0x00000007b7980000,0x00000007b7980000,0x00000007bbb00000)
 ParOldGen       total 306176K, used 180288K [0x0000000740000000, 0x0000000752b00000, 0x0000000795580000)
  object space 306176K, 58% used [0x0000000740000000,0x000000074b0102e0,0x0000000752b00000)
 Metaspace       used 54004K, capacity 54826K, committed 55284K, reserved 1097728K
  class space    used 6801K, capacity 7059K, committed 7156K, reserved 1048576K
Event: 135.603 GC heap after
Heap after GC invocations=29 (full 6):
 PSYoungGen      total 616960K, used 55358K [0x0000000795580000, 0x00000007c0000000, 0x00000007c0000000)
  eden space 561152K, 0% used [0x0000000795580000,0x0000000795580000,0x00000007b7980000)
  from space 55808K, 99% used [0x00000007b7980000,0x00000007baf8fb18,0x00000007bb000000)
  to   space 73728K, 0% used [0x00000007bb800000,0x00000007bb800000,0x00000007c0000000)
 ParOldGen       total 306176K, used 180296K [0x0000000740000000, 0x0000000752b00000, 0x0000000795580000)
  object space 306176K, 58% used [0x0000000740000000,0x000000074b0122e0,0x0000000752b00000)
 Metaspace       used 54004K, capacity 54826K, committed 55284K, reserved 1097728K
  class space    used 6801K, capacity 7059K, committed 7156K, reserved 1048576K
}
Event: 139.311 GC heap before
{Heap before GC invocations=30 (full 6):
 PSYoungGen      total 616960K, used 319412K [0x0000000795580000, 0x00000007c0000000, 0x00000007c0000000)
  eden space 561152K, 47% used [0x0000000795580000,0x00000007a575d718,0x00000007b7980000)
  from space 55808K, 99% used [0x00000007b7980000,0x00000007baf8fb18,0x00000007bb000000)
  to   space 73728K, 0% used [0x00000007bb800000,0x00000007bb800000,0x00000007c0000000)
 ParOldGen       total 306176K, used 180296K [0x0000000740000000, 0x0000000752b00000, 0x0000000795580000)
  object space 306176K, 58% used [0x0000000740000000,0x000000074b0122e0,0x0000000752b00000)
 Metaspace       used 56887K, capacity 57690K, committed 58228K, reserved 1099776K
  class space    used 7187K, capacity 7413K, committed 7540K, reserved 1048576K
Event: 139.396 GC heap after
Heap after GC invocations=30 (full 6):
 PSYoungGen      total 608768K, used 63409K [0x0000000795580000, 0x00000007c0000000, 0x00000007c0000000)
  eden space 535040K, 0% used [0x0000000795580000,0x0000000795580000,0x00000007b6000000)
  from space 73728K, 86% used [0x00000007bb800000,0x00000007bf5ec5d8,0x00000007c0000000)
  to   space 81920K, 0% used [0x00000007b6000000,0x00000007b6000000,0x00000007bb000000)
 ParOldGen       total 306176K, used 180304K [0x0000000740000000, 0x0000000752b00000, 0x0000000795580000)
  object space 306176K, 58% used [0x0000000740000000,0x000000074b0142e0,0x0000000752b00000)
 Metaspace       used 56887K, capacity 57690K, committed 58228K, reserved 1099776K
  class space    used 7187K, capacity 7413K, committed 7540K, reserved 1048576K
}
Event: 139.396 GC heap before
{Heap before GC invocations=31 (full 7):
 PSYoungGen      total 608768K, used 63409K [0x0000000795580000, 0x00000007c0000000, 0x00000007c0000000)
  eden space 535040K, 0% used [0x0000000795580000,0x0000000795580000,0x00000007b6000000)
  from space 73728K, 86% used [0x00000007bb800000,0x00000007bf5ec5d8,0x00000007c0000000)
  to   space 81920K, 0% used [0x00000007b6000000,0x00000007b6000000,0x00000007bb000000)
 ParOldGen       total 306176K, used 180304K [0x0000000740000000, 0x0000000752b00000, 0x0000000795580000)
  object space 306176K, 58% used [0x0000000740000000,0x000000074b0142e0,0x0000000752b00000)
 Metaspace       used 56887K, capacity 57690K, committed 58228K, reserved 1099776K
  class space    used 7187K, capacity 7413K, committed 7540K, reserved 1048576K
Event: 140.941 GC heap after
Heap after GC invocations=31 (full 7):
 PSYoungGen      total 608768K, used 0K [0x0000000795580000, 0x00000007c0000000, 0x00000007c0000000)
  eden space 535040K, 0% used [0x0000000795580000,0x0000000795580000,0x00000007b6000000)
  from space 73728K, 0% used [0x00000007bb800000,0x00000007bb800000,0x00000007c0000000)
  to   space 81920K, 0% used [0x00000007b6000000,0x00000007b6000000,0x00000007bb000000)
 ParOldGen       total 306176K, used 235110K [0x0000000740000000, 0x0000000752b00000, 0x0000000795580000)
  object space 306176K, 76% used [0x0000000740000000,0x000000074e599898,0x0000000752b00000)
 Metaspace       used 56887K, capacity 57690K, committed 58228K, reserved 1099776K
  class space    used 7187K, capacity 7413K, committed 7540K, reserved 1048576K
}
Event: 154.740 GC heap before
{Heap before GC invocations=32 (full 7):
 PSYoungGen      total 608768K, used 535040K [0x0000000795580000, 0x00000007c0000000, 0x00000007c0000000)
  eden space 535040K, 100% used [0x0000000795580000,0x00000007b6000000,0x00000007b6000000)
  from space 73728K, 0% used [0x00000007bb800000,0x00000007bb800000,0x00000007c0000000)
  to   space 81920K, 0% used [0x00000007b6000000,0x00000007b6000000,0x00000007bb000000)
 ParOldGen       total 306176K, used 235110K [0x0000000740000000, 0x0000000752b00000, 0x0000000795580000)
  object space 306176K, 76% used [0x0000000740000000,0x000000074e599898,0x0000000752b00000)
 Metaspace       used 58842K, capacity 59730K, committed 60404K, reserved 1101824K
  class space    used 7279K, capacity 7551K, committed 7668K, reserved 1048576K
Event: 154.762 GC heap after
Heap after GC invocations=32 (full 7):
 PSYoungGen      total 616960K, used 28383K [0x0000000795580000, 0x00000007c0000000, 0x00000007c0000000)
  eden space 535040K, 0% used [0x0000000795580000,0x0000000795580000,0x00000007b6000000)
  from space 81920K, 34% used [0x00000007b6000000,0x00000007b7bb7f80,0x00000007bb000000)
  to   space 77824K, 0% used [0x00000007bb400000,0x00000007bb400000,0x00000007c0000000)
 ParOldGen       total 306176K, used 235118K [0x0000000740000000, 0x0000000752b00000, 0x0000000795580000)
  object space 306176K, 76% used [0x0000000740000000,0x000000074e59b898,0x0000000752b00000)
 Metaspace       used 58842K, capacity 59730K, committed 60404K, reserved 1101824K
  class space    used 7279K, capacity 7551K, committed 7668K, reserved 1048576K
}

