# JRE version: Java(TM) SE Runtime Environment (8.0_152-b16) (build 1.8.0_152-b16)
# Java VM: Java HotSpot(TM) 64-Bit Server VM (25.152-b16 mixed mode bsd-amd64 compressed oops)
Heap:
 PSYoungGen      total 598016K, used 137089K [0x0000000795580000, 0x00000007bf100000, 0x00000007c0000000)
  eden space 529920K, 19% used [0x0000000795580000,0x000000079bbb8380,0x00000007b5b00000)
  from space 68096K, 47% used [0x00000007bae80000,0x00000007bce28218,0x00000007bf100000)
  to   space 76800K, 0% used [0x00000007b5b00000,0x00000007b5b00000,0x00000007ba600000)
 ParOldGen       total 310784K, used 250520K [0x0000000740000000, 0x0000000752f80000, 0x0000000795580000)
  object space 310784K, 80% used [0x0000000740000000,0x000000074f4a62b0,0x0000000752f80000)
 Metaspace       used 58991K, capacity 59775K, committed 60328K, reserved 1101824K
  class space    used 7283K, capacity 7521K, committed 7592K, reserved 1048576K
GC Heap History (10 events):
Event: 107.634 GC heap before
{Heap before GC invocations=31 (full 6):
 PSYoungGen      total 610304K, used 332501K [0x0000000795580000, 0x00000007c0000000, 0x00000007c0000000)
  eden space 542208K, 49% used [0x0000000795580000,0x00000007a5d303b0,0x00000007b6700000)
  from space 68096K, 91% used [0x00000007bbd80000,0x00000007bfa85180,0x00000007c0000000)
  to   space 78336K, 0% used [0x00000007b6700000,0x00000007b6700000,0x00000007bb380000)
 ParOldGen       total 310784K, used 177807K [0x0000000740000000, 0x0000000752f80000, 0x0000000795580000)
  object space 310784K, 57% used [0x0000000740000000,0x000000074ada3e98,0x0000000752f80000)
 Metaspace       used 57017K, capacity 57833K, committed 58152K, reserved 1099776K
  class space    used 7191K, capacity 7452K, committed 7464K, reserved 1048576K
Event: 107.711 GC heap after
Heap after GC invocations=31 (full 6):
 PSYoungGen      total 620544K, used 78331K [0x0000000795580000, 0x00000007c0000000, 0x00000007c0000000)
  eden space 542208K, 0% used [0x0000000795580000,0x0000000795580000,0x00000007b6700000)
  from space 78336K, 99% used [0x00000007b6700000,0x00000007bb37ecf8,0x00000007bb380000)
  to   space 78336K, 0% used [0x00000007bb380000,0x00000007bb380000,0x00000007c0000000)
 ParOldGen       total 310784K, used 179457K [0x0000000740000000, 0x0000000752f80000, 0x0000000795580000)
  object space 310784K, 57% used [0x0000000740000000,0x000000074af40548,0x0000000752f80000)
 Metaspace       used 57017K, capacity 57833K, committed 58152K, reserved 1099776K
  class space    used 7191K, capacity 7452K, committed 7464K, reserved 1048576K
}
Event: 107.711 GC heap before
{Heap before GC invocations=32 (full 7):
 PSYoungGen      total 620544K, used 78331K [0x0000000795580000, 0x00000007c0000000, 0x00000007c0000000)
  eden space 542208K, 0% used [0x0000000795580000,0x0000000795580000,0x00000007b6700000)
  from space 78336K, 99% used [0x00000007b6700000,0x00000007bb37ecf8,0x00000007bb380000)
  to   space 78336K, 0% used [0x00000007bb380000,0x00000007bb380000,0x00000007c0000000)
 ParOldGen       total 310784K, used 179457K [0x0000000740000000, 0x0000000752f80000, 0x0000000795580000)
  object space 310784K, 57% used [0x0000000740000000,0x000000074af40548,0x0000000752f80000)
 Metaspace       used 57017K, capacity 57833K, committed 58152K, reserved 1099776K
  class space    used 7191K, capacity 7452K, committed 7464K, reserved 1048576K
Event: 108.919 GC heap after
Heap after GC invocations=32 (full 7):
 PSYoungGen      total 620544K, used 0K [0x0000000795580000, 0x00000007c0000000, 0x00000007c0000000)
  eden space 542208K, 0% used [0x0000000795580000,0x0000000795580000,0x00000007b6700000)
  from space 78336K, 0% used [0x00000007b6700000,0x00000007b6700000,0x00000007bb380000)
  to   space 78336K, 0% used [0x00000007bb380000,0x00000007bb380000,0x00000007c0000000)
 ParOldGen       total 310784K, used 250496K [0x0000000740000000, 0x0000000752f80000, 0x0000000795580000)
  object space 310784K, 80% used [0x0000000740000000,0x000000074f4a02b0,0x0000000752f80000)
 Metaspace       used 57017K, capacity 57833K, committed 58152K, reserved 1099776K
  class space    used 7191K, capacity 7452K, committed 7464K, reserved 1048576K
}
Event: 115.169 GC heap before
{Heap before GC invocations=33 (full 7):
 PSYoungGen      total 620544K, used 542208K [0x0000000795580000, 0x00000007c0000000, 0x00000007c0000000)
  eden space 542208K, 100% used [0x0000000795580000,0x00000007b6700000,0x00000007b6700000)
  from space 78336K, 0% used [0x00000007b6700000,0x00000007b6700000,0x00000007bb380000)
  to   space 78336K, 0% used [0x00000007bb380000,0x00000007bb380000,0x00000007c0000000)
 ParOldGen       total 310784K, used 250496K [0x0000000740000000, 0x0000000752f80000, 0x0000000795580000)
  object space 310784K, 80% used [0x0000000740000000,0x000000074f4a02b0,0x0000000752f80000)
 Metaspace       used 58223K, capacity 59007K, committed 59560K, reserved 1101824K
  class space    used 7271K, capacity 7521K, committed 7592K, reserved 1048576K
Event: 115.187 GC heap after
Heap after GC invocations=33 (full 7):
 PSYoungGen      total 603136K, used 30694K [0x0000000795580000, 0x00000007c0000000, 0x00000007c0000000)
  eden space 524800K, 0% used [0x0000000795580000,0x0000000795580000,0x00000007b5600000)
  from space 78336K, 39% used [0x00000007bb380000,0x00000007bd179908,0x00000007c0000000)
  to   space 87040K, 0% used [0x00000007b5600000,0x00000007b5600000,0x00000007bab00000)
 ParOldGen       total 310784K, used 250504K [0x0000000740000000, 0x0000000752f80000, 0x0000000795580000)
  object space 310784K, 80% used [0x0000000740000000,0x000000074f4a22b0,0x0000000752f80000)
 Metaspace       used 58223K, capacity 59007K, committed 59560K, reserved 1101824K
  class space    used 7271K, capacity 7521K, committed 7592K, reserved 1048576K
}
Event: 145.853 GC heap before
{Heap before GC invocations=34 (full 7):
 PSYoungGen      total 603136K, used 555494K [0x0000000795580000, 0x00000007c0000000, 0x00000007c0000000)
  eden space 524800K, 100% used [0x0000000795580000,0x00000007b5600000,0x00000007b5600000)
  from space 78336K, 39% used [0x00000007bb380000,0x00000007bd179908,0x00000007c0000000)
  to   space 87040K, 0% used [0x00000007b5600000,0x00000007b5600000,0x00000007bab00000)
 ParOldGen       total 310784K, used 250504K [0x0000000740000000, 0x0000000752f80000, 0x0000000795580000)
  object space 310784K, 80% used [0x0000000740000000,0x000000074f4a22b0,0x0000000752f80000)
 Metaspace       used 58646K, capacity 59519K, committed 60072K, reserved 1101824K
  class space    used 7271K, capacity 7521K, committed 7592K, reserved 1048576K
Event: 145.870 GC heap after
Heap after GC invocations=34 (full 7):
 PSYoungGen      total 611840K, used 31296K [0x0000000795580000, 0x00000007bfe80000, 0x00000007c0000000)
  eden space 524800K, 0% used [0x0000000795580000,0x0000000795580000,0x00000007b5600000)
  from space 87040K, 35% used [0x00000007b5600000,0x00000007b7490318,0x00000007bab00000)
  to   space 81920K, 0% used [0x00000007bae80000,0x00000007bae80000,0x00000007bfe80000)
 ParOldGen       total 310784K, used 250512K [0x0000000740000000, 0x0000000752f80000, 0x0000000795580000)
  object space 310784K, 80% used [0x0000000740000000,0x000000074f4a42b0,0x0000000752f80000)
 Metaspace       used 58646K, capacity 59519K, committed 60072K, reserved 1101824K
  class space    used 7271K, capacity 7521K, committed 7592K, reserved 1048576K
}
Event: 155.076 GC heap before
{Heap before GC invocations=35 (full 7):
 PSYoungGen      total 611840K, used 556096K [0x0000000795580000, 0x00000007bfe80000, 0x00000007c0000000)
  eden space 524800K, 100% used [0x0000000795580000,0x00000007b5600000,0x00000007b5600000)
  from space 87040K, 35% used [0x00000007b5600000,0x00000007b7490318,0x00000007bab00000)
  to   space 81920K, 0% used [0x00000007bae80000,0x00000007bae80000,0x00000007bfe80000)
 ParOldGen       total 310784K, used 250512K [0x0000000740000000, 0x0000000752f80000, 0x0000000795580000)
  object space 310784K, 80% used [0x0000000740000000,0x000000074f4a42b0,0x0000000752f80000)
 Metaspace       used 58944K, capacity 59775K, committed 60328K, reserved 1101824K
  class space    used 7278K, capacity 7521K, committed 7592K, reserved 1048576K
Event: 155.096 GC heap after
Heap after GC invocations=35 (full 7):
 PSYoungGen      total 598016K, used 32416K [0x0000000795580000, 0x00000007bf100000, 0x00000007c0000000)
  eden space 529920K, 0% used [0x0000000795580000,0x0000000795580000,0x00000007b5b00000)
  from space 68096K, 47% used [0x00000007bae80000,0x00000007bce28218,0x00000007bf100000)
  to   space 76800K, 0% used [0x00000007b5b00000,0x00000007b5b00000,0x00000007ba600000)
 ParOldGen       total 310784K, used 250520K [0x0000000740000000, 0x0000000752f80000, 0x0000000795580000)
  object space 310784K, 80% used [0x0000000740000000,0x000000074f4a62b0,0x0000000752f80000)
 Metaspace       used 58944K, capacity 59775K, committed 60328K, reserved 1101824K
  class space    used 7278K, capacity 7521K, committed 7592K, reserved 1048576K
}

