# JRE version: Java(TM) SE Runtime Environment (8.0_152-b16) (build 1.8.0_152-b16)
# Java VM: Java HotSpot(TM) 64-Bit Server VM (25.152-b16 mixed mode bsd-amd64 compressed oops)
Heap:
 PSYoungGen      total 596480K, used 135340K [0x0000000795580000, 0x00000007bf780000, 0x00000007c0000000)
  eden space 512000K, 21% used [0x0000000795580000,0x000000079bf58d28,0x00000007b4980000)
  from space 84480K, 31% used [0x00000007ba500000,0x00000007bbf523c8,0x00000007bf780000)
  to   space 89088K, 0% used [0x00000007b4980000,0x00000007b4980000,0x00000007ba080000)
 ParOldGen       total 348160K, used 242005K [0x0000000740000000, 0x0000000755400000, 0x0000000795580000)
  object space 348160K, 69% used [0x0000000740000000,0x000000074ec55668,0x0000000755400000)
 Metaspace       used 57951K, capacity 58759K, committed 59304K, reserved 1101824K
  class space    used 7246K, capacity 7485K, committed 7592K, reserved 1048576K
GC Heap History (10 events):
Event: 47.964 GC heap before
{Heap before GC invocations=25 (full 5):
 PSYoungGen      total 603648K, used 0K [0x0000000795580000, 0x00000007c0000000, 0x00000007c0000000)
  eden space 511488K, 0% used [0x0000000795580000,0x0000000795580000,0x00000007b4900000)
  from space 92160K, 0% used [0x00000007ba600000,0x00000007ba600000,0x00000007c0000000)
  to   space 93696K, 0% used [0x00000007b4900000,0x00000007b4900000,0x00000007ba480000)
 ParOldGen       total 204800K, used 176885K [0x0000000740000000, 0x000000074c800000, 0x0000000795580000)
  object space 204800K, 86% used [0x0000000740000000,0x000000074acbd5b8,0x000000074c800000)
 Metaspace       used 49540K, capacity 50209K, committed 50600K, reserved 1093632K
  class space    used 6329K, capacity 6560K, committed 6568K, reserved 1048576K
Event: 48.178 GC heap after
Heap after GC invocations=25 (full 5):
 PSYoungGen      total 603648K, used 0K [0x0000000795580000, 0x00000007c0000000, 0x00000007c0000000)
  eden space 511488K, 0% used [0x0000000795580000,0x0000000795580000,0x00000007b4900000)
  from space 92160K, 0% used [0x00000007ba600000,0x00000007ba600000,0x00000007c0000000)
  to   space 93696K, 0% used [0x00000007b4900000,0x00000007b4900000,0x00000007ba480000)
 ParOldGen       total 204800K, used 176885K [0x0000000740000000, 0x000000074c800000, 0x0000000795580000)
  object space 204800K, 86% used [0x0000000740000000,0x000000074acbd5b8,0x000000074c800000)
 Metaspace       used 49540K, capacity 50209K, committed 50600K, reserved 1093632K
  class space    used 6329K, capacity 6560K, committed 6568K, reserved 1048576K
}
Event: 53.895 GC heap before
{Heap before GC invocations=26 (full 6):
 PSYoungGen      total 603648K, used 511488K [0x0000000795580000, 0x00000007c0000000, 0x00000007c0000000)
  eden space 511488K, 100% used [0x0000000795580000,0x00000007b4900000,0x00000007b4900000)
  from space 92160K, 0% used [0x00000007ba600000,0x00000007ba600000,0x00000007c0000000)
  to   space 93696K, 0% used [0x00000007b4900000,0x00000007b4900000,0x00000007ba480000)
 ParOldGen       total 204800K, used 176885K [0x0000000740000000, 0x000000074c800000, 0x0000000795580000)
  object space 204800K, 86% used [0x0000000740000000,0x000000074acbd5b8,0x000000074c800000)
 Metaspace       used 54008K, capacity 54841K, committed 55336K, reserved 1097728K
  class space    used 6869K, capacity 7124K, committed 7208K, reserved 1048576K
Event: 54.827 GC heap after
Heap after GC invocations=26 (full 6):
 PSYoungGen      total 603648K, used 19402K [0x0000000795580000, 0x00000007c0000000, 0x00000007c0000000)
  eden space 511488K, 3% used [0x0000000795580000,0x00000007968729e8,0x00000007b4900000)
  from space 92160K, 0% used [0x00000007ba600000,0x00000007ba600000,0x00000007c0000000)
  to   space 93696K, 0% used [0x00000007b4900000,0x00000007b4900000,0x00000007ba480000)
 ParOldGen       total 348160K, used 204721K [0x0000000740000000, 0x0000000755400000, 0x0000000795580000)
  object space 348160K, 58% used [0x0000000740000000,0x000000074c7ec420,0x0000000755400000)
 Metaspace       used 54008K, capacity 54841K, committed 55336K, reserved 1097728K
  class space    used 6869K, capacity 7124K, committed 7208K, reserved 1048576K
}
Event: 57.404 GC heap before
{Heap before GC invocations=27 (full 6):
 PSYoungGen      total 603648K, used 270281K [0x0000000795580000, 0x00000007c0000000, 0x00000007c0000000)
  eden space 511488K, 52% used [0x0000000795580000,0x00000007a5d72660,0x00000007b4900000)
  from space 92160K, 0% used [0x00000007ba600000,0x00000007ba600000,0x00000007c0000000)
  to   space 93696K, 0% used [0x00000007b4900000,0x00000007b4900000,0x00000007ba480000)
 ParOldGen       total 348160K, used 204721K [0x0000000740000000, 0x0000000755400000, 0x0000000795580000)
  object space 348160K, 58% used [0x0000000740000000,0x000000074c7ec420,0x0000000755400000)
 Metaspace       used 56665K, capacity 57509K, committed 57896K, reserved 1099776K
  class space    used 7164K, capacity 7414K, committed 7464K, reserved 1048576K
Event: 57.514 GC heap after
Heap after GC invocations=27 (full 6):
 PSYoungGen      total 605184K, used 50059K [0x0000000795580000, 0x00000007c0000000, 0x00000007c0000000)
  eden space 511488K, 0% used [0x0000000795580000,0x0000000795580000,0x00000007b4900000)
  from space 93696K, 53% used [0x00000007b4900000,0x00000007b79e2fd0,0x00000007ba480000)
  to   space 93184K, 0% used [0x00000007ba500000,0x00000007ba500000,0x00000007c0000000)
 ParOldGen       total 348160K, used 204729K [0x0000000740000000, 0x0000000755400000, 0x0000000795580000)
  object space 348160K, 58% used [0x0000000740000000,0x000000074c7ee420,0x0000000755400000)
 Metaspace       used 56665K, capacity 57509K, committed 57896K, reserved 1099776K
  class space    used 7164K, capacity 7414K, committed 7464K, reserved 1048576K
}
Event: 57.514 GC heap before
{Heap before GC invocations=28 (full 7):
 PSYoungGen      total 605184K, used 50059K [0x0000000795580000, 0x00000007c0000000, 0x00000007c0000000)
  eden space 511488K, 0% used [0x0000000795580000,0x0000000795580000,0x00000007b4900000)
  from space 93696K, 53% used [0x00000007b4900000,0x00000007b79e2fd0,0x00000007ba480000)
  to   space 93184K, 0% used [0x00000007ba500000,0x00000007ba500000,0x00000007c0000000)
 ParOldGen       total 348160K, used 204729K [0x0000000740000000, 0x0000000755400000, 0x0000000795580000)
  object space 348160K, 58% used [0x0000000740000000,0x000000074c7ee420,0x0000000755400000)
 Metaspace       used 56665K, capacity 57509K, committed 57896K, reserved 1099776K
  class space    used 7164K, capacity 7414K, committed 7464K, reserved 1048576K
Event: 58.470 GC heap after
Heap after GC invocations=28 (full 7):
 PSYoungGen      total 605184K, used 0K [0x0000000795580000, 0x00000007c0000000, 0x00000007c0000000)
  eden space 511488K, 0% used [0x0000000795580000,0x0000000795580000,0x00000007b4900000)
  from space 93696K, 0% used [0x00000007b4900000,0x00000007b4900000,0x00000007ba480000)
  to   space 93184K, 0% used [0x00000007ba500000,0x00000007ba500000,0x00000007c0000000)
 ParOldGen       total 348160K, used 241997K [0x0000000740000000, 0x0000000755400000, 0x0000000795580000)
  object space 348160K, 69% used [0x0000000740000000,0x000000074ec53668,0x0000000755400000)
 Metaspace       used 56665K, capacity 57509K, committed 57896K, reserved 1099776K
  class space    used 7164K, capacity 7414K, committed 7464K, reserved 1048576K
}
Event: 62.077 GC heap before
{Heap before GC invocations=29 (full 7):
 PSYoungGen      total 605184K, used 501476K [0x0000000795580000, 0x00000007c0000000, 0x00000007c0000000)
  eden space 511488K, 98% used [0x0000000795580000,0x00000007b3f39028,0x00000007b4900000)
  from space 93696K, 0% used [0x00000007b4900000,0x00000007b4900000,0x00000007ba480000)
  to   space 93184K, 0% used [0x00000007ba500000,0x00000007ba500000,0x00000007c0000000)
 ParOldGen       total 348160K, used 241997K [0x0000000740000000, 0x0000000755400000, 0x0000000795580000)
  object space 348160K, 69% used [0x0000000740000000,0x000000074ec53668,0x0000000755400000)
 Metaspace       used 57809K, capacity 58689K, committed 59304K, reserved 1101824K
  class space    used 7242K, capacity 7484K, committed 7592K, reserved 1048576K
Event: 62.094 GC heap after
Heap after GC invocations=29 (full 7):
 PSYoungGen      total 596480K, used 26952K [0x0000000795580000, 0x00000007bf780000, 0x00000007c0000000)
  eden space 512000K, 0% used [0x0000000795580000,0x0000000795580000,0x00000007b4980000)
  from space 84480K, 31% used [0x00000007ba500000,0x00000007bbf523c8,0x00000007bf780000)
  to   space 89088K, 0% used [0x00000007b4980000,0x00000007b4980000,0x00000007ba080000)
 ParOldGen       total 348160K, used 242005K [0x0000000740000000, 0x0000000755400000, 0x0000000795580000)
  object space 348160K, 69% used [0x0000000740000000,0x000000074ec55668,0x0000000755400000)
 Metaspace       used 57809K, capacity 58689K, committed 59304K, reserved 1101824K
  class space    used 7242K, capacity 7484K, committed 7592K, reserved 1048576K
}

